<?xml version="1.0" encoding="UTF-8"?>
<!-- Generated by org.testng.reporters.JUnitXMLReporter -->
<testsuite ignored="0" hostname="Machebro" failures="1" tests="3" name="Error Validations Test" time="13.621" errors="0" timestamp="2023-03-09T10:37:45 IST">
  <testcase classname="Selenium_Java.FrameworkDesign.ErrorValidationsTest" name="cartErrorValidation" time="2.562"/>
  <testcase classname="Selenium_Java.FrameworkDesign.ErrorValidationsTest" name="loginErrorValidation" time="0.467">
    <skipped/>
  </testcase> <!-- loginErrorValidation -->
  <testcase classname="Selenium_Java.FrameworkDesign.ErrorValidationsTest" name="loginErrorValidation" time="1.106">
    <failure type="java.lang.AssertionError" message="expected [Incorrect email or password.] but found [Incorrect emai or password.]">
      <![CDATA[java.lang.AssertionError: expected [Incorrect email or password.] but found [Incorrect emai or password.]
at Selenium_Java.FrameworkDesign.ErrorValidationsTest.loginErrorValidation(ErrorValidationsTest.java:23)
at java.base/java.util.ArrayList.forEach(ArrayList.java:1511)
... Removed 33 stack frames]]>
    </failure>
  </testcase> <!-- loginErrorValidation -->
</testsuite> <!-- Error Validations Test -->
