<?xml version="1.0" encoding="UTF-8"?>
<!-- Generated by org.testng.reporters.JUnitXMLReporter -->
<testsuite ignored="0" hostname="Machebro" failures="0" tests="4" name="Purchase Order" time="39.82" errors="0" timestamp="2023-03-08T14:48:12 IST">
  <testcase classname="Selenium_Java.FrameworkDesign.SubmitOrderTest" name="submitOrder" time="11.086"/>
  <testcase classname="Selenium_Java.FrameworkDesign.SubmitOrderTest" name="submitOrder" time="11.008"/>
  <testcase classname="Selenium_Java.FrameworkDesign.SubmitOrderTest" name="verifyOrderHistory" time="1.169"/>
  <testcase classname="Selenium_Java.FrameworkDesign.SubmitOrderTest" name="verifyOrderHistory" time="1.053"/>
</testsuite> <!-- Purchase Order -->
