<?xml version="1.0" encoding="UTF-8"?>
<!-- Generated by org.testng.reporters.JUnitXMLReporter -->
<testsuite ignored="0" hostname="Machebro" failures="0" tests="7" name="Command line test" time="54.013" errors="0" timestamp="2023-03-09T19:50:34 IST">
  <testcase classname="Selenium_Java.FrameworkDesign.ErrorValidationsTest" name="cartErrorValidation" time="8.587"/>
  <testcase classname="Selenium_Java.FrameworkDesign.ErrorValidationsTest" name="loginErrorValidation" time="0.395"/>
  <testcase classname="Selenium_Java.FrameworkDesign.StandAloneTest" name="standAloneTest" time="6.558"/>
  <testcase classname="Selenium_Java.FrameworkDesign.SubmitOrderTest" name="submitOrder" time="10.509"/>
  <testcase classname="Selenium_Java.FrameworkDesign.SubmitOrderTest" name="submitOrder" time="10.535"/>
  <testcase classname="Selenium_Java.FrameworkDesign.SubmitOrderTest" name="verifyOrderHistory" time="0.755"/>
  <testcase classname="Selenium_Java.FrameworkDesign.SubmitOrderTest" name="verifyOrderHistory" time="0.735"/>
</testsuite> <!-- Command line test -->
