<?xml version="1.0" encoding="UTF-8"?>
<!-- Generated by org.testng.reporters.JUnitXMLReporter -->
<testsuite ignored="0" hostname="Machebro" failures="0" tests="4" name="Submit Order Test" time="36.229" errors="0" timestamp="2023-03-10T19:10:41 IST">
  <testcase classname="Selenium_Java.FrameworkDesign.SubmitOrderTest" name="submitOrder" time="10.509"/>
  <testcase classname="Selenium_Java.FrameworkDesign.SubmitOrderTest" name="submitOrder" time="10.355"/>
  <testcase classname="Selenium_Java.FrameworkDesign.SubmitOrderTest" name="verifyOrderHistory" time="0.654"/>
  <testcase classname="Selenium_Java.FrameworkDesign.SubmitOrderTest" name="verifyOrderHistory" time="0.869"/>
</testsuite> <!-- Submit Order Test -->
