<?xml version="1.0" encoding="UTF-8"?>
<testng-results ignored="0" total="1" passed="1" failed="0" skipped="0">
  <reporter-output>
  </reporter-output>
  <suite started-at="2023-03-21T11:32:38 IST" name="Default suite" finished-at="2023-03-21T11:33:00 IST" duration-ms="21725">
    <groups>
    </groups>
    <test started-at="2023-03-21T11:32:38 IST" name="Default test" finished-at="2023-03-21T11:33:00 IST" duration-ms="21725">
      <class name="autoIT.FileUpload">
        <test-method signature="fileAutoIT()[pri:0, instance:autoIT.FileUpload@6069db50]" started-at="2023-03-21T11:32:38 IST" name="fileAutoIT" finished-at="2023-03-21T11:33:00 IST" duration-ms="21654" status="PASS">
          <reporter-output>
          </reporter-output>
        </test-method> <!-- fileAutoIT -->
      </class> <!-- autoIT.FileUpload -->
    </test> <!-- Default test -->
  </suite> <!-- Default suite -->
</testng-results>
